Performing C SOURCE FILE Test CMAKE_HAVE_LIBC_PTHREAD failed with the following output:
Change Dir: /home/mix/education/sem_7/LLVM/llvm/lab-1/build/debug/CMakeFiles/CMakeTmp

Run Build Command(s):/usr/bin/make -f Makefile cmTC_87de6/fast && /usr/bin/make  -f CMakeFiles/cmTC_87de6.dir/build.make CMakeFiles/cmTC_87de6.dir/build
make[1]: вход в каталог «/home/mix/education/sem_7/LLVM/llvm/lab-1/build/debug/CMakeFiles/CMakeTmp»
Building C object CMakeFiles/cmTC_87de6.dir/src.c.o
/usr/bin/cc -DCMAKE_HAVE_LIBC_PTHREAD   -o CMakeFiles/cmTC_87de6.dir/src.c.o -c /home/mix/education/sem_7/LLVM/llvm/lab-1/build/debug/CMakeFiles/CMakeTmp/src.c
Linking C executable cmTC_87de6
/snap/cmake/1186/bin/cmake -E cmake_link_script CMakeFiles/cmTC_87de6.dir/link.txt --verbose=1
/usr/bin/cc -rdynamic CMakeFiles/cmTC_87de6.dir/src.c.o -o cmTC_87de6 
/usr/bin/ld: CMakeFiles/cmTC_87de6.dir/src.c.o: в функции «main»:
src.c:(.text+0x46): неопределённая ссылка на «pthread_create»
/usr/bin/ld: src.c:(.text+0x52): неопределённая ссылка на «pthread_detach»
/usr/bin/ld: src.c:(.text+0x5e): неопределённая ссылка на «pthread_cancel»
/usr/bin/ld: src.c:(.text+0x6f): неопределённая ссылка на «pthread_join»
collect2: error: ld returned 1 exit status
make[1]: *** [CMakeFiles/cmTC_87de6.dir/build.make:99: cmTC_87de6] Ошибка 1
make[1]: выход из каталога «/home/mix/education/sem_7/LLVM/llvm/lab-1/build/debug/CMakeFiles/CMakeTmp»
make: *** [Makefile:127: cmTC_87de6/fast] Ошибка 2


Source file was:
#include <pthread.h>

static void* test_func(void* data)
{
  return data;
}

int main(void)
{
  pthread_t thread;
  pthread_create(&thread, NULL, test_func, NULL);
  pthread_detach(thread);
  pthread_cancel(thread);
  pthread_join(thread, NULL);
  pthread_atfork(NULL, NULL, NULL);
  pthread_exit(NULL);

  return 0;
}

Determining if the function pthread_create exists in the pthreads failed with the following output:
Change Dir: /home/mix/education/sem_7/LLVM/llvm/lab-1/build/debug/CMakeFiles/CMakeTmp

Run Build Command(s):/usr/bin/make -f Makefile cmTC_c37e3/fast && /usr/bin/make  -f CMakeFiles/cmTC_c37e3.dir/build.make CMakeFiles/cmTC_c37e3.dir/build
make[1]: вход в каталог «/home/mix/education/sem_7/LLVM/llvm/lab-1/build/debug/CMakeFiles/CMakeTmp»
Building C object CMakeFiles/cmTC_c37e3.dir/CheckFunctionExists.c.o
/usr/bin/cc   -DCHECK_FUNCTION_EXISTS=pthread_create -o CMakeFiles/cmTC_c37e3.dir/CheckFunctionExists.c.o -c /snap/cmake/1186/share/cmake-3.24/Modules/CheckFunctionExists.c
Linking C executable cmTC_c37e3
/snap/cmake/1186/bin/cmake -E cmake_link_script CMakeFiles/cmTC_c37e3.dir/link.txt --verbose=1
/usr/bin/cc  -DCHECK_FUNCTION_EXISTS=pthread_create -rdynamic CMakeFiles/cmTC_c37e3.dir/CheckFunctionExists.c.o -o cmTC_c37e3  -lpthreads 
/usr/bin/ld: невозможно найти -lpthreads
collect2: error: ld returned 1 exit status
make[1]: *** [CMakeFiles/cmTC_c37e3.dir/build.make:99: cmTC_c37e3] Ошибка 1
make[1]: выход из каталога «/home/mix/education/sem_7/LLVM/llvm/lab-1/build/debug/CMakeFiles/CMakeTmp»
make: *** [Makefile:127: cmTC_c37e3/fast] Ошибка 2



